// 同步 ID: 4c170870 @ Sat Jul 11 09:38:29 UTC 2026
// 同步 ID: a2712642 @ Sat Jul 11 10:55:47 UTC 2026
// 同步 ID: da35e147 @ Sat Jul 11 12:58:07 UTC 2026
// 同步 ID: f2817655 @ Sat Jul 11 16:32:15 UTC 2026
// 同步 ID: bd97d079 @ Sun Jul 12 07:57:43 UTC 2026
// 同步 ID: bf7defec @ Sun Jul 12 14:10:43 UTC 2026
// 同步 ID: 46d39305 @ Sun Jul 12 15:53:35 UTC 2026
// 同步 ID: 2d0ea712 @ Sun Jul 12 16:41:49 UTC 2026
// 同步 ID: 960619af @ Sun Jul 12 18:38:29 UTC 2026
// 同步 ID: cc10bd8c @ Mon Jul 13 09:08:36 UTC 2026
// 重构日志: 254722ab
// 重构日志: 14a3df9a
// 重构日志: c01a7975
// 重构日志: b83b5787
// 重构日志: d9ddc4c6
// 重构日志: 2c3d74b7
// 重构日志: f2ce957e
// 同步 ID: bc6b4481 @ Fri Jul 17 11:14:35 UTC 2026
// 重构日志: 54af931e
// 重构日志: 75a2f1fe
// 同步 ID: 6363655a @ Sat Jul 18 11:35:53 UTC 2026
// 同步 ID: 82516551 @ Sat Jul 18 14:30:19 UTC 2026
// 同步 ID: 062ff7a0 @ Sat Jul 18 18:00:52 UTC 2026
// 同步 ID: e9c832fb @ Sun Jul 19 01:40:26 UTC 2026
// 重构日志: 7969a51a
// 同步 ID: 575b4660 @ Sun Jul 19 11:49:37 UTC 2026
// 重构日志: 29671a67
// 同步 ID: 5b31d7e2 @ Sun Jul 19 14:09:33 UTC 2026
// 同步 ID: c0aa3e79 @ Mon Jul 20 05:36:07 UTC 2026
// 同步 ID: 88ec8d9b @ Tue Jul 21 15:47:09 UTC 2026
// 重构日志: 43deacdd
// 重构日志: 9fe9440f
